Log file open, 07/06/15 18:58:58
LogInit:Display: Running engine for game: ThirdPersonProject
LogInit: Version: 4.7.6-2513093+++depot+UE4-Releases+4.7
LogInit: API Version: 2455222
LogInit: Compiled (64-bit): Apr 15 2015 12:09:54
LogInit: Compiled with Visual C++: 18.00.21005.01
LogInit: Build Configuration: Development
LogInit: Branch Name: ++depot+UE4-Releases+4.7
LogInit: Command line:  /Temp/Autosaves/Game/StarterContent/Maps/UEDPCMinimal_Default -game -PIEVIACONSOLE -ResX=1280 -ResY=720  -Multiprocess -featureleveles2 -faketouches 
LogInit: Base directory: C:/Program Files/Epic Games/4.7/Engine/Binaries/Win64/
LogInit: Rocket: 1
[2015.07.06-22.58.58:004][  0]LogTaskGraph: Started task graph with 3 named threads and 4 total threads.
[2015.07.06-22.58.58:046][  0]LogOnline:Warning: No default platform service specified for OnlineSubsystem
[2015.07.06-22.58.58:068][  0]LogInit: Presizing for 0 objects not considered by GC, pre-allocating 0 bytes.
[2015.07.06-22.58.58:082][  0]LogInit: Object subsystem initialized
[2015.07.06-22.58.58:084][  0]LogConsoleResponse:Warning: Skipping Unknown console variable: 'TranslucentSortAxis = (X=0.000000,Y=-1.000000,Z=0.000000)'
[2015.07.06-22.58.58:084][  0]LogConsoleResponse:Warning:   Found in ini file 'C:/Users/user/Documents/Unreal Projects/ThirdPersonProject/Saved/Config/Windows/Engine.ini', in section '[/Script/Engine.RendererSettings]'
[2015.07.06-22.58.58:085][  0]LogConsoleResponse:Warning: Skipping Unknown console variable: 'UIScaleRule = ShortestSide'
[2015.07.06-22.58.58:085][  0]LogConsoleResponse:Warning:   Found in ini file 'C:/Users/user/Documents/Unreal Projects/ThirdPersonProject/Saved/Config/Windows/Engine.ini', in section '[/Script/Engine.RendererSettings]'
[2015.07.06-22.58.58:085][  0]LogConsoleResponse:Warning: Skipping Unknown console variable: 'UIScaleCurve = (EditorCurveData=(Keys=),ExternalCurve=None)'
[2015.07.06-22.58.58:085][  0]LogConsoleResponse:Warning:   Found in ini file 'C:/Users/user/Documents/Unreal Projects/ThirdPersonProject/Saved/Config/Windows/Engine.ini', in section '[/Script/Engine.RendererSettings]'
[2015.07.06-22.58.58:085][  0]LogInit: Selected Device Profile: [Windows]
[2015.07.06-22.58.58:085][  0]LogInit: Applying CVar settings loaded from the selected device profile: [Windows]
[2015.07.06-22.58.58:091][  0]LogInit: Computer: 5CD4322X6F
[2015.07.06-22.58.58:091][  0]LogInit: User: user
[2015.07.06-22.58.58:091][  0]LogInit: CPU Page size=4096, Cores=2
[2015.07.06-22.58.58:091][  0]LogInit: High frequency timer resolution =2.338339 MHz
[2015.07.06-22.58.58:091][  0]LogMemory: Memory total: Physical=15.9GB (16GB approx) Virtual=131072.0GB
[2015.07.06-22.58.58:091][  0]LogMemory: Platform Memory Stats for Windows
[2015.07.06-22.58.58:091][  0]LogMemory: Process Physical Memory: 47.55 MB used, 47.55 MB peak
[2015.07.06-22.58.58:091][  0]LogMemory: Process Virtual Memory: 26.62 MB used, 26.62 MB peak
[2015.07.06-22.58.58:091][  0]LogMemory: Physical Memory: 3152.43 MB used, 16314.15 MB total
[2015.07.06-22.58.58:091][  0]LogMemory: Virtual Memory: 303.03 MB used, 134217728.00 MB total
[2015.07.06-22.58.58:145][  0]LogD3D11RHI: Found D3D11 adapter 0: NVIDIA GeForce 840M           (Feature Level 11_0)
[2015.07.06-22.58.58:145][  0]LogD3D11RHI: Adapter has 1996MB of dedicated video memory, 0MB of dedicated system memory, and 8157MB of shared system memory, 1 output[s]
[2015.07.06-22.58.58:154][  0]LogD3D11RHI: Found D3D11 adapter 1: Intel(R) HD Graphics Family (Feature Level 11_0)
[2015.07.06-22.58.58:154][  0]LogD3D11RHI: Adapter has 128MB of dedicated video memory, 0MB of dedicated system memory, and 8157MB of shared system memory, 0 output[s]
[2015.07.06-22.58.58:156][  0]LogD3D11RHI: Found D3D11 adapter 2: Microsoft Basic Render Driver (Feature Level 11_0)
[2015.07.06-22.58.58:156][  0]LogD3D11RHI: Adapter has 0MB of dedicated video memory, 0MB of dedicated system memory, and 8157MB of shared system memory, 0 output[s]
[2015.07.06-22.58.58:156][  0]LogD3D11RHI: Chosen D3D11 Adapter Id = 0
[2015.07.06-22.58.58:163][  0]LogRHI: Texture pool is 1361 MB (70% of 1945 MB)
[2015.07.06-22.58.58:182][  0]LogD3D11RHI: Async texture creation enabled
[2015.07.06-22.58.58:259][  0]LogTextLocalizationManager: The requested culture ('en_US') has no localization data; parent culture's ('en') localization data will be used.
[2015.07.06-22.58.58:356][  0]LogTextLocalizationManager:Warning: Loading localization resources contain conflicting entries for (Namespace:UICommands, Key:Save_ToolTip):
Resource: (C:/Program Files/Epic Games/4.7/Engine/Content/Localization/Editor/en/Editor.locres) Hash: (-29098895) String: (Saves the current level to disk)
Resource: (C:/Program Files/Epic Games/4.7/Engine/Content/Localization/Engine/en/Engine.locres) Hash: (-1280300587) String: (Save selected data to vlog file)
[2015.07.06-22.58.58:356][  0]LogTextLocalizationManager:Warning: Loading localization resources contain conflicting entries for (Namespace:ContentBrowser, Key:ImportAssetToolTip):
Resource: (C:/Program Files/Epic Games/4.7/Engine/Content/Localization/Editor/en/Editor.locres) Hash: (-630476809) String: (Import to {0}...)
Resource: (C:/Program Files/Epic Games/4.7/Engine/Content/Localization/Editor/en/Editor.locres) Hash: (1271782899) String: (Imports an asset from file to this folder.)
[2015.07.06-22.58.58:487][  0]LogContentStreaming: Texture pool size is 200.000000MB
[2015.07.06-22.59.00:917][  0]LogTargetPlatformManager:Display: Building Assets For Windows
[2015.07.06-22.59.01:482][  0]LogTargetPlatformManager:Display: Building Assets For Windows
[2015.07.06-22.59.01:554][  0]LogDerivedDataCache:Display: Max Cache Size: 512 MB
[2015.07.06-22.59.01:603][  0]LogDerivedDataCache: Loaded boot cache 0.05s 39MB C:/Users/user/AppData/Local/UnrealEngine/4.7/DerivedDataCache/Boot.ddc.
[2015.07.06-22.59.01:603][  0]LogDerivedDataCache:Display: Loaded Boot cache: C:/Users/user/AppData/Local/UnrealEngine/4.7/DerivedDataCache/Boot.ddc
[2015.07.06-22.59.01:603][  0]LogDerivedDataCache: FDerivedDataBackendGraph:  Pak pak cache file ../../../../../../Users/user/Documents/Unreal Projects/ThirdPersonProject/DerivedDataCache/DDC.ddp not found, will not use a pak cache.
[2015.07.06-22.59.01:603][  0]LogDerivedDataCache: Unable to find inner node Pak for hierarchical cache Hierarchy.
[2015.07.06-22.59.01:735][  0]LogDerivedDataCache:Display: Pak cache opened for reading ../../../Engine/DerivedDataCache/Compressed.ddp.
[2015.07.06-22.59.01:747][  0]LogDerivedDataCache: Using Local data cache path C:/Users/user/AppData/Local/UnrealEngine/Common/DerivedDataCache: Writable
[2015.07.06-22.59.02:212][  0]LogMeshUtilities: No automatic mesh reduction module available
[2015.07.06-22.59.02:212][  0]LogMeshUtilities: No automatic mesh merging module available
[2015.07.06-22.59.02:688][  0]LogMaterial: Missing cached shader map for material DefaultMaterial, compiling. 
[2015.07.06-22.59.02:905][  0]LogInit: WinSock: version 1.1 (2.2), MaxSocks=32767, MaxUdp=65467
[2015.07.06-22.59.03:684][  0]LogWindowsMoviePlayer: Unable to load movie: ../../../../../../Users/user/Documents/Unreal Projects/ThirdPersonProject/Content/Movies/Default_Startup.mp4
[2015.07.06-22.59.03:747][  0]LogMaterial: Missing cached shader map for material DefaultSpriteMaterial, compiling. 
[2015.07.06-22.59.03:771][  0]LogMaterial: Missing cached shader map for material DefaultSpriteMaterial, compiling. 
[2015.07.06-22.59.03:939][  0]LogSourceControl: RunCommandInternalRaw: 'git version'
[2015.07.06-22.59.03:939][  0]LogSourceControl: RunCommandInternalRaw: ExecProcess ReturnCode=2 OutResults=''
[2015.07.06-22.59.04:002][  0]SourceControl: Info Source control is disabled
[2015.07.06-22.59.04:002][  0]SourceControl: Info Source control is disabled
[2015.07.06-22.59.04:002][  0]SourceControl: Info Source control is disabled
[2015.07.06-22.59.04:021][  0]SourceControl: Info Source control is disabled
[2015.07.06-22.59.04:216][  0]LogObj: 23971 objects as part of root set at end of initial load.
[2015.07.06-22.59.04:216][  0]LogUObjectAllocator: 4988928 out of 0 bytes used by permanent object pool.
[2015.07.06-22.59.04:288][  0]LogMaterial: Missing cached shader map for material HighResScreenshot, compiling. 
[2015.07.06-22.59.04:295][  0]LogMaterial: Missing cached shader map for material HighResScreenshotMask, compiling. 
[2015.07.06-22.59.04:311][  0]LogMaterial: Missing cached shader map for material HighResScreenshotCaptureRegion, compiling. 
[2015.07.06-22.59.04:367][  0]LogAutomationTest:Warning: ERR: Transient text cannot be serialized "Testing Transient serialization detection".
[2015.07.06-22.59.04:381][  0]LogEngine: Initializing Engine...
[2015.07.06-22.59.06:412][  0]LogMaterial: Missing cached shader map for material WireframeMaterial, compiling. Is special engine material.
[2015.07.06-22.59.06:472][  0]LogMaterial: Missing cached shader map for material LevelColorationLitMaterial, compiling. Is special engine material.
[2015.07.06-22.59.06:641][  0]LogMaterial: Missing cached shader map for material LevelColorationUnlitMaterial, compiling. Is special engine material.
[2015.07.06-22.59.06:672][  0]LogMaterial: Missing cached shader map for material MAT_LevelColorationLitLightmapUV, compiling. Is special engine material.
[2015.07.06-22.59.06:673][  0]LogMaterial:Warning: Failed to compile Material /Engine/EngineDebugMaterials/MAT_LevelColorationLitLightmapUV.MAT_LevelColorationLitLightmapUV for platform PCD3D_ES2, Default Material will be used in game.
[2015.07.06-22.59.06:673][  0]LogMaterial:Warning: 	(Node LightmapUVs) Node not supported in feature level ES2
[2015.07.06-22.59.06:682][  0]LogMaterial: Missing cached shader map for material ShadedLevelColorationLitMaterial, compiling. Is special engine material.
[2015.07.06-22.59.06:847][  0]LogMaterial: Missing cached shader map for material ShadedLevelColorationUnlitMateri, compiling. Is special engine material.
[2015.07.06-22.59.06:871][  0]LogMaterial: Missing cached shader map for material VertexColorMaterial, compiling. 
[2015.07.06-22.59.06:902][  0]LogMaterial: Missing cached shader map for material VertexColorViewMode_ColorOnly, compiling. 
[2015.07.06-22.59.06:912][  0]LogMaterial: Missing cached shader map for material VertexColorViewMode_AlphaAsColor, compiling. 
[2015.07.06-22.59.06:920][  0]LogMaterial: Missing cached shader map for material VertexColorViewMode_RedOnly, compiling. 
[2015.07.06-22.59.06:928][  0]LogMaterial: Missing cached shader map for material VertexColorViewMode_GreenOnly, compiling. 
[2015.07.06-22.59.06:937][  0]LogMaterial: Missing cached shader map for material VertexColorViewMode_BlueOnly, compiling. 
[2015.07.06-22.59.06:945][  0]LogMaterial: Missing cached shader map for material RemoveSurfaceMaterial, compiling. 
[2015.07.06-22.59.06:952][  0]LogMaterial: Missing cached shader map for material DebugMeshMaterial, compiling. 
[2015.07.06-22.59.06:962][  0]LogMaterial: Missing cached shader map for material M_InvalidLightmapSettings, compiling. 
[2015.07.06-22.59.06:981][  0]LogMaterial: Missing cached shader map for material GizmoMaterial, compiling. 
[2015.07.06-22.59.07:003][  0]LogInit: XAudio2 using 'Speaker/HP (Realtek High Definition Audio)' : 2 channels at 48 kHz using 32 bits per sample (channel mask 0x3)
[2015.07.06-22.59.07:024][  0]LogInit: FAudioDevice initialized.
[2015.07.06-22.59.07:028][  0]LogInit: Texture streaming: Enabled
[2015.07.06-22.59.07:032][  0]LogMaterial: Missing cached shader map for material BaseColor, compiling. 
[2015.07.06-22.59.07:038][  0]LogMaterial: Missing cached shader map for material CustomDepth, compiling. 
[2015.07.06-22.59.07:044][  0]LogMaterial: Missing cached shader map for material DecalMask, compiling. 
[2015.07.06-22.59.07:050][  0]LogMaterial: Missing cached shader map for material FinalImage, compiling. 
[2015.07.06-22.59.07:055][  0]LogMaterial: Missing cached shader map for material LightingModel, compiling. 
[2015.07.06-22.59.07:061][  0]LogMaterial: Missing cached shader map for material MaterialAO, compiling. 
[2015.07.06-22.59.07:067][  0]LogMaterial: Missing cached shader map for material Metallic, compiling. 
[2015.07.06-22.59.07:073][  0]LogMaterial: Missing cached shader map for material Opacity, compiling. 
[2015.07.06-22.59.07:081][  0]LogMaterial: Missing cached shader map for material Roughness, compiling. 
[2015.07.06-22.59.07:087][  0]LogMaterial: Missing cached shader map for material SceneColor, compiling. 
[2015.07.06-22.59.07:093][  0]LogMaterial: Missing cached shader map for material SceneDepth, compiling. 
[2015.07.06-22.59.07:099][  0]LogMaterial: Missing cached shader map for material SeparateTranslucencyRGB, compiling. 
[2015.07.06-22.59.07:105][  0]LogMaterial: Missing cached shader map for material SeparateTranslucencyA, compiling. 
[2015.07.06-22.59.07:111][  0]LogMaterial: Missing cached shader map for material Specular, compiling. 
[2015.07.06-22.59.07:117][  0]LogMaterial: Missing cached shader map for material SubsurfaceColor, compiling. 
[2015.07.06-22.59.07:124][  0]LogMaterial: Missing cached shader map for material WorldNormal, compiling. 
[2015.07.06-22.59.07:130][  0]LogMaterial: Missing cached shader map for material AmbientOcclusion, compiling. 
[2015.07.06-22.59.07:140][  0]LogMaterial: Missing cached shader map for material CustomDepthWorldUnits, compiling. 
[2015.07.06-22.59.07:148][  0]LogMaterial: Missing cached shader map for material SceneDepthWorldUnits, compiling. 
[2015.07.06-22.59.07:232][  0]LogAnalytics: Creating configured Analytics provider AnalyticsET
[2015.07.06-22.59.07:232][  0]LogAnalytics: ET APIKey = Rocket.Release. APIServer = http://et2.epicgames.com/ET2/. AppVersion = 4.7.6-2513093+++depot+UE4-Releases+4.7
[2015.07.06-22.59.07:232][  0]LogAnalytics: ET APIKey = Rocket.Release. DataRouterUploadURL = https://datarouter-public-service-gamedev.ol.epicgames.net/datarouter/api/v1/public/data. AppVersion = 4.7.6-2513093+++depot+UE4-Releases+4.7
[2015.07.06-22.59.07:232][  0]LogAnalytics: SetUserId ac9da32642c3181d9b6fa68d40bbdcf3|af7ac4b167944c03992de065c2ad02be|552f93e6-42c9-43cd-ab68-eb4caaeea959
[2015.07.06-22.59.07:232][  0]LogAnalytics: AnalyticsET::StartSession [Rocket.Release]
[2015.07.06-22.59.07:316][  0]LogMaterial: Missing cached shader map for material MAT_LevelColorationLitLightmapUV, compiling. Is special engine material.
[2015.07.06-22.59.07:317][  0]LogMaterial:Warning: Failed to compile Material /Engine/EngineDebugMaterials/MAT_LevelColorationLitLightmapUV.MAT_LevelColorationLitLightmapUV for platform PCD3D_ES2, Default Material will be used in game.
[2015.07.06-22.59.07:317][  0]LogMaterial:Warning: 	(Node LightmapUVs) Node not supported in feature level ES2
[2015.07.06-22.59.07:356][  0]LogNet: Browse: /Temp/Autosaves/Game/StarterContent/Maps/UEDPCMinimal_Default?Name=Player
[2015.07.06-22.59.07:358][  0]LogLoad: LoadMap: /Temp/Autosaves/Game/StarterContent/Maps/UEDPCMinimal_Default?Name=Player
[2015.07.06-22.59.07:405][  0]LogMemory: Platform Memory Stats for Windows
[2015.07.06-22.59.07:406][  0]LogMemory: Process Physical Memory: 354.17 MB used, 355.32 MB peak
[2015.07.06-22.59.07:406][  0]LogMemory: Process Virtual Memory: 329.39 MB used, 335.53 MB peak
[2015.07.06-22.59.07:406][  0]LogMemory: Physical Memory: 3497.62 MB used, 16314.15 MB total
[2015.07.06-22.59.07:406][  0]LogMemory: Virtual Memory: 805.64 MB used, 134217728.00 MB total
[2015.07.06-22.59.07:406][  0]LogMemory: 
[2015.07.06-22.59.07:406][  0]Allocator Stats for TBB: (not implemented)
[2015.07.06-22.59.08:272][  0]LogMaterial: Missing cached shader map for material M_Sky_Panning_Clouds2, compiling. 
[2015.07.06-22.59.08:331][  0]LogMaterial: Missing cached shader map for material M_Glass, compiling. 
[2015.07.06-22.59.08:397][  0]LogMaterial: Missing cached shader map for material M_Metal_Brushed_Nickel, compiling. 
[2015.07.06-22.59.08:441][  0]LogMaterial: Missing cached shader map for material M_Metal_Burnished_Steel, compiling. 
[2015.07.06-22.59.08:487][  0]LogMaterial: Missing cached shader map for material M_Metal_Copper, compiling. 
[2015.07.06-22.59.08:534][  0]LogMaterial: Missing cached shader map for material M_Chair, compiling. 
[2015.07.06-22.59.08:584][  0]LogMaterial: Missing cached shader map for material M_Basic_Floor, compiling. 
[2015.07.06-22.59.08:609][  0]LogMaterial: Missing cached shader map for material CharacterMaterial, compiling. 
[2015.07.06-22.59.08:640][  0]LogMaterial: Missing cached shader map for material M_StatueGlass, compiling. 
[2015.07.06-22.59.08:673][  0]LogMaterial: Missing cached shader map for material M_Statue, compiling. 
[2015.07.06-22.59.08:701][  0]LogMaterial: Missing cached shader map for material M_TableRound, compiling. 
[2015.07.06-22.59.08:726][  0]LogWorld: Game class is 'MyGame_C'
[2015.07.06-22.59.08:832][  0]LogAIModule: Creating AISystem for world Minimal_Default
[2015.07.06-22.59.08:837][  0]LogWorld: Bringing World /Temp/Autosaves/Game/StarterContent/Maps/UEDPCMinimal_Default.Minimal_Default up for play (max tick rate 0) at 2015.07.06-18.59.08
[2015.07.06-22.59.08:838][  0]LogWorld: Bringing up level for play took: 0.005497
[2015.07.06-22.59.08:915][  0]LogInit:Display: Game Engine Initialized.
[2015.07.06-22.59.09:165][  0]LogLoad: Full Startup: 13.26 seconds (BP compile: 0.28 seconds)
[2015.07.06-22.59.09:241][  1]LogRenderer:Warning: Reallocating scene render targets to support 1280x720 (Frame:2).
[2015.07.06-22.59.30:061][209]LogEngine: All Windows Closed
[2015.07.06-22.59.30:061][209]LogWindows: FPlatformMisc::RequestExit(0)
[2015.07.06-22.59.30:087][210]LogExit: Preparing to exit.
[2015.07.06-22.59.30:196][210]LogParticles: Destroying 0 GPU particle simulations for FXSystem 0x0000002240324180
[2015.07.06-22.59.30:196][210]LogExit: Game engine shut down
[2015.07.06-22.59.30:297][210]LogExit: Object subsystem successfully closed.
[2015.07.06-22.59.30:349][210]LogModuleManager: Shutting down and abandoning module AndroidDeviceDetection (106)
[2015.07.06-22.59.31:195][210]LogModuleManager: Shutting down and abandoning module AutomationWorker (105)
[2015.07.06-22.59.31:195][210]LogModuleManager: Shutting down and abandoning module CharacterAI (104)
[2015.07.06-22.59.31:195][210]LogModuleManager: Shutting down and abandoning module AITestSuite (103)
[2015.07.06-22.59.31:195][210]LogModuleManager: Shutting down and abandoning module GameplayDebugger (102)
[2015.07.06-22.59.31:195][210]LogModuleManager: Shutting down and abandoning module AIModule (101)
[2015.07.06-22.59.31:195][210]LogModuleManager: Shutting down and abandoning module GameLiveStreaming (100)
[2015.07.06-22.59.31:195][210]LogModuleManager: Shutting down and abandoning module StreamingPauseRendering (99)
[2015.07.06-22.59.31:195][210]LogModuleManager: Shutting down and abandoning module HTTP (98)
[2015.07.06-22.59.31:196][210]LogModuleManager: Shutting down and abandoning module AnalyticsET (97)
[2015.07.06-22.59.31:196][210]LogModuleManager: Shutting down and abandoning module Analytics (96)
[2015.07.06-22.59.31:196][210]LogModuleManager: Shutting down and abandoning module ProfilerService (95)
[2015.07.06-22.59.31:293][210]LogModuleManager: Shutting down and abandoning module TaskGraph (94)
[2015.07.06-22.59.31:293][210]LogModuleManager: Shutting down and abandoning module SlateRemote (93)
[2015.07.06-22.59.31:294][210]LogModuleManager: Shutting down and abandoning module CustomMeshComponent (92)
[2015.07.06-22.59.31:294][210]LogModuleManager: Shutting down and abandoning module CableComponent (91)
[2015.07.06-22.59.31:294][210]LogModuleManager: Shutting down and abandoning module DesktopPlatform (90)
[2015.07.06-22.59.31:294][210]LogModuleManager: Shutting down and abandoning module DirectoryWatcher (89)
[2015.07.06-22.59.31:294][210]LogModuleManager: Shutting down and abandoning module HotReload (88)
[2015.07.06-22.59.31:294][210]LogModuleManager: Shutting down and abandoning module VisualStudioSourceCodeAccess (87)
[2015.07.06-22.59.31:294][210]LogModuleManager: Shutting down and abandoning module UObjectPlugin (86)
[2015.07.06-22.59.31:294][210]LogModuleManager: Shutting down and abandoning module SubversionSourceControl (85)
[2015.07.06-22.59.31:294][210]LogModuleManager: Shutting down and abandoning module GitSourceControl (84)
[2015.07.06-22.59.31:294][210]LogModuleManager: Shutting down and abandoning module SourceControl (83)
[2015.07.06-22.59.31:294][210]LogModuleManager: Shutting down and abandoning module PerforceSourceControl (82)
[2015.07.06-22.59.31:294][210]LogModuleManager: Shutting down and abandoning module BlankPlugin (81)
[2015.07.06-22.59.31:294][210]LogModuleManager: Shutting down and abandoning module ScriptPlugin (80)
[2015.07.06-22.59.31:294][210]LogModuleManager: Shutting down and abandoning module UdpMessaging (79)
[2015.07.06-22.59.31:294][210]LogModuleManager: Shutting down and abandoning module Paper2D (78)
[2015.07.06-22.59.31:294][210]LogModuleManager: Shutting down and abandoning module WindowsMoviePlayer (77)
[2015.07.06-22.59.31:294][210]LogModuleManager: Shutting down and abandoning module Media (76)
[2015.07.06-22.59.31:294][210]LogModuleManager: Shutting down and abandoning module WmfMedia (75)
[2015.07.06-22.59.31:295][210]LogModuleManager: Shutting down and abandoning module OnlineBlueprintSupport (74)
[2015.07.06-22.59.31:295][210]LogModuleManager: Shutting down and abandoning module PropertyEditor (73)
[2015.07.06-22.59.31:295][210]LogModuleManager: Shutting down and abandoning module BehaviorTreeEditor (72)
[2015.07.06-22.59.31:295][210]LogModuleManager: Shutting down and abandoning module FunctionalTesting (71)
[2015.07.06-22.59.31:295][210]LogModuleManager: Shutting down and abandoning module CollisionAnalyzer (70)
[2015.07.06-22.59.31:295][210]LogModuleManager: Shutting down and abandoning module WorkspaceMenuStructure (69)
[2015.07.06-22.59.31:295][210]LogModuleManager: Shutting down and abandoning module MessageLog (68)
[2015.07.06-22.59.31:295][210]LogModuleManager: Shutting down and abandoning module Sequencer (67)
[2015.07.06-22.59.31:295][210]LogModuleManager: Shutting down and abandoning module AssetTools (66)
[2015.07.06-22.59.31:295][210]LogModuleManager: Shutting down and abandoning module UMGEditor (65)
[2015.07.06-22.59.31:295][210]LogModuleManager: Shutting down and abandoning module UMG (64)
[2015.07.06-22.59.31:295][210]LogModuleManager: Shutting down and abandoning module Slate (63)
[2015.07.06-22.59.31:295][210]LogModuleManager: Shutting down and abandoning module EditorStyle (62)
[2015.07.06-22.59.31:302][210]LogModuleManager: Shutting down and abandoning module SessionServices (61)
[2015.07.06-22.59.31:302][210]LogModuleManager: Shutting down and abandoning module SourceCodeAccess (60)
[2015.07.06-22.59.31:302][210]LogModuleManager: Shutting down and abandoning module HeadMountedDisplay (59)
[2015.07.06-22.59.31:302][210]LogModuleManager: Shutting down and abandoning module XAudio2 (58)
[2015.07.06-22.59.31:302][210]LogModuleManager: Shutting down and abandoning module Networking (56)
[2015.07.06-22.59.31:302][210]LogModuleManager: Shutting down and abandoning module Core (55)
[2015.07.06-22.59.31:302][210]LogModuleManager: Shutting down and abandoning module KismetCompiler (54)
[2015.07.06-22.59.31:302][210]LogModuleManager: Shutting down and abandoning module PhysXFormats (53)
[2015.07.06-22.59.31:302][210]LogModuleManager: Shutting down and abandoning module MeshUtilities (52)
[2015.07.06-22.59.31:302][210]LogModuleManager: Shutting down and abandoning module DerivedDataCache (51)
[2015.07.06-22.59.31:774][210]LogDerivedDataCache: Shutdown
[2015.07.06-22.59.31:774][210]LogModuleManager: Shutting down and abandoning module ShaderFormatOpenGL (50)
[2015.07.06-22.59.31:774][210]LogModuleManager: Shutting down and abandoning module ShaderFormatD3D (49)
[2015.07.06-22.59.31:774][210]LogModuleManager: Shutting down and abandoning module MetalShaderFormat (48)
[2015.07.06-22.59.31:774][210]LogModuleManager: Shutting down and abandoning module TextureFormatUncompressed (47)
[2015.07.06-22.59.31:774][210]LogModuleManager: Shutting down and abandoning module TextureFormatPVR (46)
[2015.07.06-22.59.31:774][210]LogModuleManager: Shutting down and abandoning module TextureFormatIntelISPCTexComp (45)
[2015.07.06-22.59.31:774][210]LogModuleManager: Shutting down and abandoning module TextureFormatDXT (44)
[2015.07.06-22.59.31:774][210]LogModuleManager: Shutting down and abandoning module ImageWrapper (43)
[2015.07.06-22.59.31:774][210]LogModuleManager: Shutting down and abandoning module TextureFormatASTC (42)
[2015.07.06-22.59.31:774][210]LogModuleManager: Shutting down and abandoning module TextureFormatAndroid (41)
[2015.07.06-22.59.31:774][210]LogModuleManager: Shutting down and abandoning module AudioFormatOpus (40)
[2015.07.06-22.59.31:774][210]LogModuleManager: Shutting down and abandoning module AudioFormatOgg (39)
[2015.07.06-22.59.31:774][210]LogModuleManager: Shutting down and abandoning module AudioFormatADPCM (38)
[2015.07.06-22.59.31:774][210]LogModuleManager: Shutting down and abandoning module LinuxTargetPlatform (37)
[2015.07.06-22.59.31:774][210]LogModuleManager: Shutting down and abandoning module LinuxServerTargetPlatform (36)
[2015.07.06-22.59.31:774][210]LogModuleManager: Shutting down and abandoning module LinuxNoEditorTargetPlatform (35)
[2015.07.06-22.59.31:774][210]LogModuleManager: Shutting down and abandoning module Messaging (34)
[2015.07.06-22.59.31:774][210]LogModuleManager: Shutting down and abandoning module IOSTargetPlatform (33)
[2015.07.06-22.59.31:774][210]LogModuleManager: Shutting down and abandoning module HTML5TargetPlatform (32)
[2015.07.06-22.59.31:774][210]LogModuleManager: Shutting down and abandoning module Android_PVRTCTargetPlatform (31)
[2015.07.06-22.59.31:774][210]LogModuleManager: Shutting down and abandoning module Android_ETC2TargetPlatform (30)
[2015.07.06-22.59.31:774][210]LogModuleManager: Shutting down and abandoning module Android_ETC1TargetPlatform (29)
[2015.07.06-22.59.31:774][210]LogModuleManager: Shutting down and abandoning module Android_ES31TargetPlatform (28)
[2015.07.06-22.59.31:774][210]LogModuleManager: Shutting down and abandoning module Android_DXTTargetPlatform (27)
[2015.07.06-22.59.31:774][210]LogModuleManager: Shutting down and abandoning module Android_ATCTargetPlatform (26)
[2015.07.06-22.59.31:774][210]LogModuleManager: Shutting down and abandoning module AndroidTargetPlatform (25)
[2015.07.06-22.59.31:775][210]LogModuleManager: Shutting down and abandoning module WindowsTargetPlatform (24)
[2015.07.06-22.59.31:775][210]LogModuleManager: Shutting down and abandoning module WindowsServerTargetPlatform (23)
[2015.07.06-22.59.31:775][210]LogModuleManager: Shutting down and abandoning module WindowsNoEditorTargetPlatform (22)
[2015.07.06-22.59.31:775][210]LogModuleManager: Shutting down and abandoning module WindowsClientTargetPlatform (21)
[2015.07.06-22.59.31:775][210]LogModuleManager: Shutting down and abandoning module TargetPlatform (20)
[2015.07.06-22.59.31:775][210]LogModuleManager: Shutting down and abandoning module InputCore (19)
[2015.07.06-22.59.31:775][210]LogModuleManager: Shutting down and abandoning module Settings (18)
[2015.07.06-22.59.31:775][210]LogModuleManager: Shutting down and abandoning module OnlineSubsystem (16)
[2015.07.06-22.59.31:775][210]LogModuleManager: Shutting down and abandoning module OculusRift (15)
[2015.07.06-22.59.31:775][210]LogModuleManager: Shutting down and abandoning module ExampleDeviceProfileSelector (14)
[2015.07.06-22.59.31:775][210]LogModuleManager: Shutting down and abandoning module TextureCompressor (13)
[2015.07.06-22.59.31:775][210]LogModuleManager: Shutting down and abandoning module ShaderCore (12)
[2015.07.06-22.59.31:775][210]LogModuleManager: Shutting down and abandoning module Landscape (11)
[2015.07.06-22.59.31:775][210]LogModuleManager: Shutting down and abandoning module SlateRHIRenderer (10)
[2015.07.06-22.59.31:775][210]LogModuleManager: Shutting down and abandoning module OpenGLDrv (9)
[2015.07.06-22.59.31:775][210]LogModuleManager: Shutting down and abandoning module D3D11RHI (8)
[2015.07.06-22.59.31:775][210]LogModuleManager: Shutting down and abandoning module Renderer (7)
[2015.07.06-22.59.31:775][210]LogModuleManager: Shutting down and abandoning module Engine (6)
[2015.07.06-22.59.31:775][210]LogModuleManager: Shutting down and abandoning module CoreUObject (5)
[2015.07.06-22.59.31:775][210]LogModuleManager: Shutting down and abandoning module NetworkFile (4)
[2015.07.06-22.59.31:775][210]LogModuleManager: Shutting down and abandoning module StreamingFile (3)
[2015.07.06-22.59.31:775][210]LogModuleManager: Shutting down and abandoning module SandboxFile (2)
[2015.07.06-22.59.31:775][210]LogModuleManager: Shutting down and abandoning module PakFile (1)
[2015.07.06-22.59.31:776][210]LogExit: Exiting.
[2015.07.06-22.59.31:778][210]Log file closed, 07/06/15 18:59:31
