Log file open, 07/17/15 19:55:15
LogInit:Display: Running engine for game: ThirdPersonProject
LogInit: Version: 4.7.6-2513093+++depot+UE4-Releases+4.7
LogInit: API Version: 2455222
LogInit: Compiled (64-bit): Apr 15 2015 12:09:54
LogInit: Compiled with Visual C++: 18.00.21005.01
LogInit: Build Configuration: Development
LogInit: Branch Name: ++depot+UE4-Releases+4.7
LogInit: Command line: 
LogInit: Base directory: C:/Program Files/Epic Games/4.7/Engine/Binaries/Win64/
LogInit: Rocket: 1
[2015.07.17-23.55.15:272][  0]LogTaskGraph: Started task graph with 3 named threads and 4 total threads.
[2015.07.17-23.55.15:315][  0]LogOnline:Warning: No default platform service specified for OnlineSubsystem
[2015.07.17-23.55.15:340][  0]LogInit: Presizing for 0 objects not considered by GC, pre-allocating 0 bytes.
[2015.07.17-23.55.15:355][  0]LogInit: Object subsystem initialized
[2015.07.17-23.55.15:358][  0]LogConsoleResponse:Warning: Skipping Unknown console variable: 'TranslucentSortAxis = (X=0.000000,Y=-1.000000,Z=0.000000)'
[2015.07.17-23.55.15:358][  0]LogConsoleResponse:Warning:   Found in ini file 'C:/Users/user/Documents/Unreal Projects/ThirdPersonProject/Saved/Config/Windows/Engine.ini', in section '[/Script/Engine.RendererSettings]'
[2015.07.17-23.55.15:358][  0]LogConsoleResponse:Warning: Skipping Unknown console variable: 'UIScaleRule = ShortestSide'
[2015.07.17-23.55.15:358][  0]LogConsoleResponse:Warning:   Found in ini file 'C:/Users/user/Documents/Unreal Projects/ThirdPersonProject/Saved/Config/Windows/Engine.ini', in section '[/Script/Engine.RendererSettings]'
[2015.07.17-23.55.15:358][  0]LogConsoleResponse:Warning: Skipping Unknown console variable: 'UIScaleCurve = (EditorCurveData=(Keys=),ExternalCurve=None)'
[2015.07.17-23.55.15:358][  0]LogConsoleResponse:Warning:   Found in ini file 'C:/Users/user/Documents/Unreal Projects/ThirdPersonProject/Saved/Config/Windows/Engine.ini', in section '[/Script/Engine.RendererSettings]'
[2015.07.17-23.55.15:359][  0]LogInit: Selected Device Profile: [Windows]
[2015.07.17-23.55.15:359][  0]LogInit: Applying CVar settings loaded from the selected device profile: [Windows]
[2015.07.17-23.55.15:371][  0]LogInit: Computer: 5CD4322X6F
[2015.07.17-23.55.15:371][  0]LogInit: User: user
[2015.07.17-23.55.15:371][  0]LogInit: CPU Page size=4096, Cores=2
[2015.07.17-23.55.15:371][  0]LogInit: High frequency timer resolution =2.338339 MHz
[2015.07.17-23.55.15:371][  0]LogMemory: Memory total: Physical=15.9GB (16GB approx) Virtual=131072.0GB
[2015.07.17-23.55.15:371][  0]LogMemory: Platform Memory Stats for Windows
[2015.07.17-23.55.15:371][  0]LogMemory: Process Physical Memory: 47.13 MB used, 47.13 MB peak
[2015.07.17-23.55.15:371][  0]LogMemory: Process Virtual Memory: 22.51 MB used, 22.51 MB peak
[2015.07.17-23.55.15:371][  0]LogMemory: Physical Memory: 4062.57 MB used, 16314.15 MB total
[2015.07.17-23.55.15:371][  0]LogMemory: Virtual Memory: 299.03 MB used, 134217728.00 MB total
[2015.07.17-23.55.15:420][  0]LogD3D11RHI: Found D3D11 adapter 0: NVIDIA GeForce 840M           (Feature Level 11_0)
[2015.07.17-23.55.15:420][  0]LogD3D11RHI: Adapter has 1996MB of dedicated video memory, 0MB of dedicated system memory, and 8157MB of shared system memory, 1 output[s]
[2015.07.17-23.55.15:428][  0]LogD3D11RHI: Found D3D11 adapter 1: Intel(R) HD Graphics Family (Feature Level 11_0)
[2015.07.17-23.55.15:428][  0]LogD3D11RHI: Adapter has 128MB of dedicated video memory, 0MB of dedicated system memory, and 8157MB of shared system memory, 0 output[s]
[2015.07.17-23.55.15:430][  0]LogD3D11RHI: Found D3D11 adapter 2: Microsoft Basic Render Driver (Feature Level 11_0)
[2015.07.17-23.55.15:430][  0]LogD3D11RHI: Adapter has 0MB of dedicated video memory, 0MB of dedicated system memory, and 8157MB of shared system memory, 0 output[s]
[2015.07.17-23.55.15:430][  0]LogD3D11RHI: Chosen D3D11 Adapter Id = 0
[2015.07.17-23.55.15:449][  0]LogRHI: Texture pool is 1361 MB (70% of 1945 MB)
[2015.07.17-23.55.15:467][  0]LogD3D11RHI: Async texture creation enabled
[2015.07.17-23.55.15:537][  0]LogTextLocalizationManager: The requested culture ('en_US') has no localization data; parent culture's ('en') localization data will be used.
[2015.07.17-23.55.15:617][  0]LogTextLocalizationManager:Warning: Loading localization resources contain conflicting entries for (Namespace:UICommands, Key:Save_ToolTip):
Resource: (C:/Program Files/Epic Games/4.7/Engine/Content/Localization/Editor/en/Editor.locres) Hash: (-29098895) String: (Saves the current level to disk)
Resource: (C:/Program Files/Epic Games/4.7/Engine/Content/Localization/Engine/en/Engine.locres) Hash: (-1280300587) String: (Save selected data to vlog file)
[2015.07.17-23.55.15:617][  0]LogTextLocalizationManager:Warning: Loading localization resources contain conflicting entries for (Namespace:ContentBrowser, Key:ImportAssetToolTip):
Resource: (C:/Program Files/Epic Games/4.7/Engine/Content/Localization/Editor/en/Editor.locres) Hash: (-630476809) String: (Import to {0}...)
Resource: (C:/Program Files/Epic Games/4.7/Engine/Content/Localization/Editor/en/Editor.locres) Hash: (1271782899) String: (Imports an asset from file to this folder.)
[2015.07.17-23.55.15:740][  0]LogContentStreaming: Texture pool size is 0.000000MB
[2015.07.17-23.55.19:091][  0]LogTargetPlatformManager:Display: Building Assets For Windows
[2015.07.17-23.55.19:743][  0]LogTargetPlatformManager:Display: Building Assets For Windows
[2015.07.17-23.55.19:826][  0]LogDerivedDataCache:Display: Max Cache Size: 512 MB
[2015.07.17-23.55.19:878][  0]LogDerivedDataCache: Loaded boot cache 0.05s 39MB C:/Users/user/AppData/Local/UnrealEngine/4.7/DerivedDataCache/Boot.ddc.
[2015.07.17-23.55.19:878][  0]LogDerivedDataCache:Display: Loaded Boot cache: C:/Users/user/AppData/Local/UnrealEngine/4.7/DerivedDataCache/Boot.ddc
[2015.07.17-23.55.19:878][  0]LogDerivedDataCache: FDerivedDataBackendGraph:  Pak pak cache file ../../../../../../Users/user/Documents/Unreal Projects/ThirdPersonProject/DerivedDataCache/DDC.ddp not found, will not use a pak cache.
[2015.07.17-23.55.19:878][  0]LogDerivedDataCache: Unable to find inner node Pak for hierarchical cache Hierarchy.
[2015.07.17-23.55.20:040][  0]LogDerivedDataCache:Display: Pak cache opened for reading ../../../Engine/DerivedDataCache/Compressed.ddp.
[2015.07.17-23.55.20:052][  0]LogDerivedDataCache: Using Local data cache path C:/Users/user/AppData/Local/UnrealEngine/Common/DerivedDataCache: Writable
[2015.07.17-23.55.20:415][  0]LogMeshUtilities: No automatic mesh reduction module available
[2015.07.17-23.55.20:415][  0]LogMeshUtilities: No automatic mesh merging module available
[2015.07.17-23.55.20:848][  0]LogInit: WinSock: version 1.1 (2.2), MaxSocks=32767, MaxUdp=65467
[2015.07.17-23.55.20:943][  0]LogSlate:Warning: Failed to load font data from '../../../Engine/Content/Slate/Fonts/Roboto-Italic.ttf'
[2015.07.17-23.55.21:841][  0]UdpMessaging: Initializing bridge on interface 0.0.0.0:0 to multicast group 230.0.0.1:6666.
[2015.07.17-23.55.22:087][  0]SourceControl: Info Source control is disabled
[2015.07.17-23.55.22:087][  0]SourceControl: Info Source control is disabled
[2015.07.17-23.55.22:087][  0]SourceControl: Info Source control is disabled
[2015.07.17-23.55.22:087][  0]LogSourceControl: RunCommandInternalRaw: 'git version'
[2015.07.17-23.55.22:087][  0]LogSourceControl: RunCommandInternalRaw: ExecProcess ReturnCode=2 OutResults=''
[2015.07.17-23.55.22:098][  0]SourceControl: Info Source control is disabled
[2015.07.17-23.55.22:321][  0]LogObj: 24232 objects as part of root set at end of initial load.
[2015.07.17-23.55.22:321][  0]LogUObjectAllocator: 5137176 out of 0 bytes used by permanent object pool.
[2015.07.17-23.55.22:415][  0]LogEngine: Initializing Engine...
[2015.07.17-23.55.24:595][  0]LogInit: XAudio2 using 'Speaker/HP (Realtek High Definition Audio)' : 2 channels at 48 kHz using 32 bits per sample (channel mask 0x3)
[2015.07.17-23.55.24:614][  0]LogInit: FAudioDevice initialized.
[2015.07.17-23.55.24:675][  0]LogAIModule: Creating AISystem for world NewWorld
[2015.07.17-23.55.24:703][  0]LogDerivedDataCache: Saved boot cache 0.03s 39MB C:/Users/user/AppData/Local/UnrealEngine/4.7/DerivedDataCache/Boot.ddc.
[2015.07.17-23.55.24:709][  0]LogInit: Texture streaming: Enabled
[2015.07.17-23.55.24:819][  0]LogAnalytics: Creating configured Analytics provider AnalyticsET
[2015.07.17-23.55.24:819][  0]LogAnalytics: ET APIKey = Rocket.Release. APIServer = http://et2.epicgames.com/ET2/. AppVersion = 4.7.6-2513093+++depot+UE4-Releases+4.7
[2015.07.17-23.55.24:819][  0]LogAnalytics: ET APIKey = Rocket.Release. DataRouterUploadURL = https://datarouter-public-service-gamedev.ol.epicgames.net/datarouter/api/v1/public/data. AppVersion = 4.7.6-2513093+++depot+UE4-Releases+4.7
[2015.07.17-23.55.24:819][  0]LogAnalytics: SetUserId ac9da32642c3181d9b6fa68d40bbdcf3|af7ac4b167944c03992de065c2ad02be|552f93e6-42c9-43cd-ab68-eb4caaeea959
[2015.07.17-23.55.24:819][  0]LogAnalytics: AnalyticsET::StartSession [Rocket.Release]
[2015.07.17-23.55.24:881][  0]LogInit: Transaction tracking system initialized
[2015.07.17-23.55.25:130][  0]BlueprintLog: New page: Editor Load
[2015.07.17-23.55.25:179][  0]LogAssetRegistry: FAssetRegistry took 0.0105 seconds to start up
[2015.07.17-23.55.25:179][  0]LogDirectoryWatcher:Warning: Failed to begin reading directory changes for ../../../Engine/Plugins/Experimental/CharacterAI/Content/. Error: 0
[2015.07.17-23.55.25:984][  0]LogTargetPlatformManager:Display: Building Assets For Windows
[2015.07.17-23.55.26:473][  0]LogTargetPlatformManager:Display: Building Assets For Windows
[2015.07.17-23.55.26:937][  0]LogSlate:Warning: Failed to load font data from '../../../Engine/Content/Editor/Slate/Fonts/Roboto-Regular.ttf'
[2015.07.17-23.55.26:937][  0]LogSlate:Warning: Failed to load font data from '../../../Engine/Content/Editor/Slate/Fonts/Roboto-Bold.ttf'
[2015.07.17-23.55.27:003][  0]LogConsoleResponse:Display: 
[2015.07.17-23.55.27:234][  0]LogCook:Display: Done creating registry. It took  0.00s.
[2015.07.17-23.55.27:504][  0]SourceControl: Info Source control is disabled
[2015.07.17-23.55.27:504][  0]Cmd: MAP LOAD FILE="../../../../../../Users/user/Documents/Unreal Projects/ThirdPersonProject/Content/StarterContent/Maps/Minimal_Default.umap" TEMPLATE=0 SHOWPROGRESS=1 FEATURELEVEL=3
[2015.07.17-23.55.27:509][  0]LightingResults: New page: Lighting Build
[2015.07.17-23.55.27:530][  0]MapCheck: New page: Map Check
[2015.07.17-23.55.27:530][  0]LightingResults: New page: Lighting Build
[2015.07.17-23.55.27:559][  0]LogParticles: Destroying 0 GPU particle simulations for FXSystem 0x00000029EB218D60
[2015.07.17-23.55.30:054][  0]LogEditorServer: Finished looking for orphan Actors (0.000 secs)
[2015.07.17-23.55.30:070][  0]LogAIModule: Creating AISystem for world Minimal_Default
[2015.07.17-23.55.30:071][  0]Cmd: MAP CHECKDEP
[2015.07.17-23.55.30:071][  0]MapCheck: New page: Minimal_Default - Jul 17, 2015, 3:55:30 PM
[2015.07.17-23.55.30:195][  0]MapCheck: Info Map check complete: 0 Error(s), 0 Warning(s), took 124.469ms to complete.
[2015.07.17-23.55.30:196][  0]LogFileHelpers: Loading map 'Minimal_Default' took 2.691
[2015.07.17-23.55.30:378][  0]LogCollectionManager: Loaded 0 collections in 0.002424 seconds
[2015.07.17-23.55.30:390][  0]LogContentBrowser: Native class hierarchy populated in 0.0116 seconds. Added 1696 classes and 261 folders.
[2015.07.17-23.55.30:428][  0]LogContentBrowser: Native class hierarchy updated for 'SceneOutliner' in 0.0022 seconds. Added 1 classes and 2 folders.
[2015.07.17-23.55.30:538][  0]LogCrashTracker: Crashtracker disabled due to settings.
[2015.07.17-23.55.30:539][  0]LogSlate:Warning: Failed to load font data from 'Veranda'
[2015.07.17-23.55.30:545][  0]LogUObjectGlobals:Warning: Failed to find object 'Class None.'
[2015.07.17-23.55.30:574][  0]LogLoad: Full Startup: 17.59 seconds (BP compile: 0.47 seconds)
[2015.07.17-23.55.30:622][  0]LogContentBrowser:Verbose: The content browser source was changed by the sources view to '/Game/Character/Animations'
[2015.07.17-23.55.30:846][  0]LogRenderer:Warning: Reallocating scene render targets to support 32x32 (Frame:2).
[2015.07.17-23.55.30:992][  0]LogRenderer:Warning: Reallocating scene render targets to support 856x376 (Frame:3).
[2015.07.17-23.55.31:260][  6]LogAssetRegistry: Asset discovery search completed in 6.0924 seconds
[2015.07.17-23.55.34:874][222]LogEditorViewport: Clicking on Actor (context menu): BP_Sky_Sphere_C (BP_Sky_Sphere)
[2015.07.17-23.55.36:365][300]LogEditorViewport: Clicking on Actor (LMB): BP_Sky_Sphere_C (BP_Sky_Sphere)
[2015.07.17-23.56.08:957][167]LogContentBrowser:Verbose: The content browser source was changed by the sources view to '/Game/Character/Animations'
[2015.07.17-23.56.37:741][851]LogSavePackage: Save=331.517792ms
[2015.07.17-23.56.37:741][851]LogSavePackage: Moving '../../../../../../Users/user/Documents/Unreal Projects/ThirdPersonProject/Saved/PunchingMontage89EDB8824519E5659E83F6AA4FBA84B7.tmp' to '../../../../../../Users/user/Documents/Unreal Projects/ThirdPersonProject/Content/Character/Animations/PunchingMontage.uasset'
[2015.07.17-23.56.37:834][851]LogActorComponent: UnregisterComponent: (/Engine/Transient.CharMoveComp) Not registered. Aborting.
[2015.07.17-23.56.42:828][968]LogSkeletalMesh: InitArticulated: Bodies already created (/Engine/Transient.DebugSkelMeshComponent_0) - call TermArticulated first.
[2015.07.17-23.56.43:088][968]LogLinker:Warning: Asset '../../../Engine/Content/Tutorial/SubEditors/PersonaAnimEditorTutorial.uasset' has been saved with empty engine version. The asset will be loaded but may be incompatible.
[2015.07.17-23.56.43:202][968]LogContentBrowser:Verbose: The majority of assets in the view are of type: AnimSequence
[2015.07.17-23.58.26:252][423]LogRenderer:Warning: Reallocating scene render targets to support 856x568 (Frame:5965).
[2015.07.18-00.00.53:617][165]LogSavePackage: Save=9.070113ms
[2015.07.18-00.00.53:617][165]LogSavePackage: Moving '../../../../../../Users/user/Documents/Unreal Projects/ThirdPersonProject/Saved/SK_Mannequin_Skeleton4ADD8DA14182BF9BB859C598C979BE45.tmp' to '../../../../../../Users/user/Documents/Unreal Projects/ThirdPersonProject/Content/Character/SK_Mannequin_Skeleton.uasset'
[2015.07.18-00.00.56:951][325]LogContentBrowser:Verbose: The majority of assets in the view are of type: AnimSequence
[2015.07.18-00.01.29:959][754]LogSavePackage: Save=335.190918ms
[2015.07.18-00.01.29:959][754]LogSavePackage: Moving '../../../../../../Users/user/Documents/Unreal Projects/ThirdPersonProject/Saved/ThirdPersonIdle4D626142463D497499A52892C00D0670.tmp' to '../../../../../../Users/user/Documents/Unreal Projects/ThirdPersonProject/Content/Character/Animations/ThirdPersonIdle.uasset'
[2015.07.18-00.05.24:292][195]LogEditorTransaction: Undo Add New Section
[2015.07.18-00.05.33:856][734]LogActorComponent: UnregisterComponent: (/Engine/Transient.CharMoveComp) Not registered. Aborting.
[2015.07.18-00.05.33:888][734]LogParticles: Destroying 0 GPU particle simulations for FXSystem 0x0000002985509440
[2015.07.18-00.05.33:888][734]LogParticles: Destroying 0 GPU particle simulations for FXSystem 0x00000029E4656CA0
[2015.07.18-00.05.33:888][734]LogParticles: Destroying 0 GPU particle simulations for FXSystem 0x00000029FE7A3880
[2015.07.18-00.05.33:888][734]LogParticles: Destroying 0 GPU particle simulations for FXSystem 0x00000029E4A053A0
[2015.07.18-00.05.34:118][734]LogSavePackage: Save=147.379395ms
[2015.07.18-00.05.34:118][734]LogSavePackage: Moving '../../../../../../Users/user/Documents/Unreal Projects/ThirdPersonProject/Saved/Minimal_Default_Auto1300EFB714E8DFDA26FFC62B311A87B16.tmp' to '../../../../../../Users/user/Documents/Unreal Projects/ThirdPersonProject/Saved/Autosaves/Game/StarterContent/Maps/Minimal_Default_Auto1.umap'
[2015.07.18-00.05.34:129][734]LogFileHelpers: Editor autosave (incl. sublevels) for '/Game/StarterContent/Maps/Minimal_Default' took 0.272
[2015.07.18-00.05.34:129][734]LogFileHelpers: Editor autosave (incl. sublevels) for all levels took 0.272
[2015.07.18-00.05.34:304][734]LogSavePackage: Save=96.450089ms
[2015.07.18-00.05.34:305][734]LogSavePackage: Moving '../../../../../../Users/user/Documents/Unreal Projects/ThirdPersonProject/Saved/NewAnimMontage_Auto13E87FCC447CE8E41233490979F20F1BD.tmp' to '../../../../../../Users/user/Documents/Unreal Projects/ThirdPersonProject/Saved/Autosaves/Game/Character/Animations/NewAnimMontage_Auto1.uasset'
[2015.07.18-00.05.34:351][734]OBJ SavePackage: Generating thumbnails for [1] asset(s) in package [/Game/Character/Animations/PunchingMontage] ([1] browsable assets)...
[2015.07.18-00.05.34:397][734]OBJ SavePackage:     Rendered thumbnail for [AnimMontage /Game/Character/Animations/PunchingMontage.PunchingMontage]
[2015.07.18-00.05.34:397][734]OBJ SavePackage: Finished generating thumbnails for package [/Game/Character/Animations/PunchingMontage]
[2015.07.18-00.05.34:737][734]LogSavePackage: Save=323.591675ms
[2015.07.18-00.05.34:738][734]LogSavePackage: Moving '../../../../../../Users/user/Documents/Unreal Projects/ThirdPersonProject/Saved/PunchingMontage_Auto161AEE4494A899B5AC37D1DB4A35FD555.tmp' to '../../../../../../Users/user/Documents/Unreal Projects/ThirdPersonProject/Saved/Autosaves/Game/Character/Animations/PunchingMontage_Auto1.uasset'
[2015.07.18-00.05.34:747][734]LogFileHelpers: Auto-saving content packages took 0.618
[2015.07.18-00.15.37:513][576]LogFileHelpers: Editor autosave (incl. sublevels) for '/Game/StarterContent/Maps/Minimal_Default' took 0.094
[2015.07.18-00.15.37:579][576]OBJ SavePackage: Generating thumbnails for [1] asset(s) in package [/Game/Character/Animations/PunchingMontage] ([1] browsable assets)...
[2015.07.18-00.15.37:622][576]OBJ SavePackage:     Rendered thumbnail for [AnimMontage /Game/Character/Animations/PunchingMontage.PunchingMontage]
[2015.07.18-00.15.37:622][576]OBJ SavePackage: Finished generating thumbnails for package [/Game/Character/Animations/PunchingMontage]
[2015.07.18-00.15.38:227][576]LogSavePackage: Save=573.223145ms
[2015.07.18-00.15.38:230][576]LogSavePackage: Moving '../../../../../../Users/user/Documents/Unreal Projects/ThirdPersonProject/Saved/PunchingMontage_Auto293DE25B94A31BB19BEDBC69DAC8B4648.tmp' to '../../../../../../Users/user/Documents/Unreal Projects/ThirdPersonProject/Saved/Autosaves/Game/Character/Animations/PunchingMontage_Auto2.uasset'
[2015.07.18-00.15.38:301][576]LogFileHelpers: Auto-saving content packages took 0.789
[2015.07.18-00.17.46:295][417]LogSavePackage: Save=14.133109ms
[2015.07.18-00.17.46:295][417]LogSavePackage: Moving '../../../../../../Users/user/Documents/Unreal Projects/ThirdPersonProject/Saved/SK_Mannequin_Skeleton4B7638EE455128B533F833AB56A3E45E.tmp' to '../../../../../../Users/user/Documents/Unreal Projects/ThirdPersonProject/Content/Character/SK_Mannequin_Skeleton.uasset'
[2015.07.18-00.17.48:546][519]LogSavePackage: Save=9.283940ms
[2015.07.18-00.17.48:546][519]LogSavePackage: Moving '../../../../../../Users/user/Documents/Unreal Projects/ThirdPersonProject/Saved/PunchingMontage6B99CA1040B8B14938D09C8140C80A82.tmp' to '../../../../../../Users/user/Documents/Unreal Projects/ThirdPersonProject/Content/Character/Animations/PunchingMontage.uasset'
[2015.07.18-00.18.04:556][ 72]LogSavePackage: Save=7.508749ms
[2015.07.18-00.18.04:556][ 72]LogSavePackage: Moving '../../../../../../Users/user/Documents/Unreal Projects/ThirdPersonProject/Saved/PunchingMontage9648422A4958BC0C7A3BE7B1DF217714.tmp' to '../../../../../../Users/user/Documents/Unreal Projects/ThirdPersonProject/Content/Character/Animations/PunchingMontage.uasset'
[2015.07.18-00.21.12:920][904]LogContentBrowser:Verbose: The content browser source was changed by the sources view to '/Game/Character'
[2015.07.18-00.22.01:478][353]LogActorComponent: UnregisterComponent: (/Engine/Transient.CharMoveComp) Not registered. Aborting.
[2015.07.18-00.23.15:423][634]BlueprintLog: New page: Compile CharacterBP
[2015.07.18-00.23.15:714][634]BlueprintEditorCompileResults: Info [1682.73] Compile of CharacterBP successful! [in 291 ms]
[2015.07.18-00.23.16:300][656]Cmd: OBJ SAVEPACKAGE PACKAGE="/Game/Character/CharacterBP" FILE="../../../../../../Users/user/Documents/Unreal Projects/ThirdPersonProject/Content/Character/CharacterBP.uasset" SILENT=true
[2015.07.18-00.23.16:904][656]LogSavePackage: Save=539.361938ms
[2015.07.18-00.23.16:905][656]LogSavePackage: Moving '../../../../../../Users/user/Documents/Unreal Projects/ThirdPersonProject/Saved/CharacterBP444AA2334418DAF8A671BC80F91923B3.tmp' to '../../../../../../Users/user/Documents/Unreal Projects/ThirdPersonProject/Content/Character/CharacterBP.uasset'
[2015.07.18-00.23.26:528][847]LogSkeletalMesh: InitArticulated: Bodies already created (/Engine/Transient.DebugSkelMeshComponent_6) - call TermArticulated first.
[2015.07.18-00.25.38:634][165]LogActorComponent: UnregisterComponent: (/Engine/Transient.CharMoveComp) Not registered. Aborting.
[2015.07.18-00.25.38:691][165]LogParticles: Destroying 0 GPU particle simulations for FXSystem 0x00000029E2C01620
[2015.07.18-00.25.38:964][165]LogSavePackage: Save=176.238342ms
[2015.07.18-00.25.38:964][165]LogSavePackage: Moving '../../../../../../Users/user/Documents/Unreal Projects/ThirdPersonProject/Saved/Minimal_Default_Auto399FC8D1041F156E59BB42FACECBA4548.tmp' to '../../../../../../Users/user/Documents/Unreal Projects/ThirdPersonProject/Saved/Autosaves/Game/StarterContent/Maps/Minimal_Default_Auto3.umap'
[2015.07.18-00.25.38:976][165]LogFileHelpers: Editor autosave (incl. sublevels) for '/Game/StarterContent/Maps/Minimal_Default' took 0.342
[2015.07.18-00.25.38:976][165]LogFileHelpers: Editor autosave (incl. sublevels) for all levels took 0.342
[2015.07.18-00.25.39:013][165]OBJ SavePackage: Generating thumbnails for [1] asset(s) in package [/Game/Character/CharacterAnimBP] ([1] browsable assets)...
[2015.07.18-00.25.39:048][165]OBJ SavePackage:     Rendered thumbnail for [AnimBlueprint /Game/Character/CharacterAnimBP.CharacterAnimBP]
[2015.07.18-00.25.39:048][165]OBJ SavePackage: Finished generating thumbnails for package [/Game/Character/CharacterAnimBP]
[2015.07.18-00.25.39:607][165]LogSavePackage: Save=490.047424ms
[2015.07.18-00.25.39:608][165]LogSavePackage: Moving '../../../../../../Users/user/Documents/Unreal Projects/ThirdPersonProject/Saved/CharacterAnimBP_Auto384953160441D698874FEB991DF0DA469.tmp' to '../../../../../../Users/user/Documents/Unreal Projects/ThirdPersonProject/Saved/Autosaves/Game/Character/CharacterAnimBP_Auto3.uasset'
[2015.07.18-00.25.39:620][165]LogFileHelpers: Auto-saving content packages took 0.643
[2015.07.18-00.35.40:150][338]LogFileHelpers: Editor autosave (incl. sublevels) for '/Game/StarterContent/Maps/Minimal_Default' took 0.120
[2015.07.18-00.35.40:206][338]OBJ SavePackage: Generating thumbnails for [1] asset(s) in package [/Game/Character/CharacterAnimBP] ([1] browsable assets)...
[2015.07.18-00.35.40:259][338]OBJ SavePackage:     Rendered thumbnail for [AnimBlueprint /Game/Character/CharacterAnimBP.CharacterAnimBP]
[2015.07.18-00.35.40:259][338]OBJ SavePackage: Finished generating thumbnails for package [/Game/Character/CharacterAnimBP]
[2015.07.18-00.35.41:143][338]LogSavePackage: Save=847.440857ms
[2015.07.18-00.35.41:145][338]LogSavePackage: Moving '../../../../../../Users/user/Documents/Unreal Projects/ThirdPersonProject/Saved/CharacterAnimBP_Auto4BB7C5CEB424192787079FDAF4B97B22C.tmp' to '../../../../../../Users/user/Documents/Unreal Projects/ThirdPersonProject/Saved/Autosaves/Game/Character/CharacterAnimBP_Auto4.uasset'
[2015.07.18-00.35.41:167][338]LogFileHelpers: Auto-saving content packages took 1.017
[2015.07.18-00.46.25:465][746]LogFileHelpers: Editor autosave (incl. sublevels) for '/Game/StarterContent/Maps/Minimal_Default' took 0.085
[2015.07.18-00.46.25:511][746]OBJ SavePackage: Generating thumbnails for [1] asset(s) in package [/Game/Character/CharacterAnimBP] ([1] browsable assets)...
[2015.07.18-00.46.25:560][746]OBJ SavePackage:     Rendered thumbnail for [AnimBlueprint /Game/Character/CharacterAnimBP.CharacterAnimBP]
[2015.07.18-00.46.25:560][746]OBJ SavePackage: Finished generating thumbnails for package [/Game/Character/CharacterAnimBP]
[2015.07.18-00.46.26:165][746]LogSavePackage: Save=583.646362ms
[2015.07.18-00.46.26:166][746]LogSavePackage: Moving '../../../../../../Users/user/Documents/Unreal Projects/ThirdPersonProject/Saved/CharacterAnimBP_Auto5D592FD2144928D610852839EF14582B4.tmp' to '../../../../../../Users/user/Documents/Unreal Projects/ThirdPersonProject/Saved/Autosaves/Game/Character/CharacterAnimBP_Auto5.uasset'
[2015.07.18-00.46.26:230][746]LogFileHelpers: Auto-saving content packages took 0.764
[2015.07.18-00.51.29:117][320]LogUObjectGlobals:Warning: Failed to find object 'Object None.'
[2015.07.18-00.51.50:897][506]BlueprintLog: New page: Compile CharacterAnimBP
[2015.07.18-00.51.51:135][506]BlueprintEditorCompileResults: Info [3398.15] Compile of CharacterAnimBP successful! [in 238 ms]
[2015.07.18-00.51.52:345][570]Cmd: OBJ SAVEPACKAGE PACKAGE="/Game/Character/CharacterAnimBP" FILE="../../../../../../Users/user/Documents/Unreal Projects/ThirdPersonProject/Content/Character/CharacterAnimBP.uasset" SILENT=true
[2015.07.18-00.51.52:774][570]LogSavePackage: Save=410.118042ms
[2015.07.18-00.51.52:774][570]LogSavePackage: Moving '../../../../../../Users/user/Documents/Unreal Projects/ThirdPersonProject/Saved/CharacterAnimBPE4EF44F64D8394F88D2AA4BF70193855.tmp' to '../../../../../../Users/user/Documents/Unreal Projects/ThirdPersonProject/Content/Character/CharacterAnimBP.uasset'
[2015.07.18-00.54.07:599][326]BlueprintLog: New page: Compile CharacterAnimBP
[2015.07.18-00.54.07:940][326]BlueprintEditorCompileResults: Info [3534.95] Compile of CharacterAnimBP successful! [in 340 ms]
[2015.07.18-00.54.08:544][351]Cmd: OBJ SAVEPACKAGE PACKAGE="/Game/Character/CharacterAnimBP" FILE="../../../../../../Users/user/Documents/Unreal Projects/ThirdPersonProject/Content/Character/CharacterAnimBP.uasset" SILENT=true
[2015.07.18-00.54.09:076][351]LogSavePackage: Save=514.989502ms
[2015.07.18-00.54.09:076][351]LogSavePackage: Moving '../../../../../../Users/user/Documents/Unreal Projects/ThirdPersonProject/Saved/CharacterAnimBP3CDBA5594470134BB4628C9E0E9BD119.tmp' to '../../../../../../Users/user/Documents/Unreal Projects/ThirdPersonProject/Content/Character/CharacterAnimBP.uasset'
[2015.07.18-00.54.39:054][554]LogSavePackage: Save=166.143997ms
[2015.07.18-00.54.39:054][554]LogSavePackage: Moving '../../../../../../Users/user/Documents/Unreal Projects/ThirdPersonProject/Saved/Minimal_Default8ADE2F4646E428BFD95ABEB7F9F00BBE.tmp' to '../../../../../../Users/user/Documents/Unreal Projects/ThirdPersonProject/Content/StarterContent/Maps/Minimal_Default.umap'
[2015.07.18-00.54.42:583][749]LogSavePackage: Save=3.749670ms
[2015.07.18-00.54.42:583][749]LogSavePackage: Moving '../../../../../../Users/user/Documents/Unreal Projects/ThirdPersonProject/Saved/NewAnimMontage4AFA1D224933886A9234A6AA90635A09.tmp' to '../../../../../../Users/user/Documents/Unreal Projects/ThirdPersonProject/Content/Character/Animations/NewAnimMontage.uasset'
[2015.07.18-00.54.44:527][810]Cmd: QUIT_EDITOR
[2015.07.18-00.54.44:795][810]LogExit: Preparing to exit.
[2015.07.18-00.54.45:187][810]LogExit: Editor shut down
[2015.07.18-00.54.45:187][810]LogExit: Transaction tracking system shut down
[2015.07.18-00.54.45:189][810]LogParticles: Destroying 0 GPU particle simulations for FXSystem 0x00000029F33F4EA0
[2015.07.18-00.54.45:190][810]LogParticles: Destroying 0 GPU particle simulations for FXSystem 0x00000029F7F4F880
[2015.07.18-00.54.45:190][810]LogParticles: Destroying 0 GPU particle simulations for FXSystem 0x00000029F808D080
[2015.07.18-00.54.45:190][810]LogParticles: Destroying 0 GPU particle simulations for FXSystem 0x00000029FE7A2E80
[2015.07.18-00.54.45:190][810]LogParticles: Destroying 0 GPU particle simulations for FXSystem 0x00000029FE7A22A0
[2015.07.18-00.54.45:191][810]LogParticles: Destroying 0 GPU particle simulations for FXSystem 0x00000029E224D1C0
[2015.07.18-00.54.45:193][810]LogParticles: Destroying 0 GPU particle simulations for FXSystem 0x00000029E04D4180
[2015.07.18-00.54.45:193][810]LogParticles: Destroying 0 GPU particle simulations for FXSystem 0x00000029E48E7EC0
[2015.07.18-00.54.45:193][810]LogParticles: Destroying 0 GPU particle simulations for FXSystem 0x000000299AC3A160
[2015.07.18-00.54.45:193][810]LogParticles: Destroying 0 GPU particle simulations for FXSystem 0x00000029F6C36160
[2015.07.18-00.54.45:193][810]LogParticles: Destroying 0 GPU particle simulations for FXSystem 0x00000029F6C37BA0
[2015.07.18-00.54.45:194][810]LogParticles: Destroying 0 GPU particle simulations for FXSystem 0x00000029B4EE8B80
[2015.07.18-00.54.45:288][810]LogParticles: Destroying 0 GPU particle simulations for FXSystem 0x00000029AAA5ED40
[2015.07.18-00.54.45:288][810]LogParticles: Destroying 0 GPU particle simulations for FXSystem 0x00000029AAA5E480
[2015.07.18-00.54.45:288][810]LogExit: Object subsystem successfully closed.
[2015.07.18-00.54.45:375][810]LogModuleManager: Shutting down and abandoning module CrashTracker (177)
[2015.07.18-00.54.45:375][810]LogModuleManager: Shutting down and abandoning module SuperSearch (176)
[2015.07.18-00.54.45:375][810]LogModuleManager: Shutting down and abandoning module SceneOutliner (175)
[2015.07.18-00.54.45:375][810]LogModuleManager: Shutting down and abandoning module EditorWidgets (174)
[2015.07.18-00.54.45:375][810]LogModuleManager: Shutting down and abandoning module CollectionManager (173)
[2015.07.18-00.54.45:375][810]LogModuleManager: Shutting down and abandoning module StatsViewer (172)
[2015.07.18-00.54.45:375][810]LogModuleManager: Shutting down and abandoning module FoliageEdit (171)
[2015.07.18-00.54.45:375][810]LogModuleManager: Shutting down and abandoning module LandscapeEditor (170)
[2015.07.18-00.54.45:376][810]LogModuleManager: Shutting down and abandoning module MeshPaint (169)
[2015.07.18-00.54.45:376][810]LogModuleManager: Shutting down and abandoning module ActorPickerMode (168)
[2015.07.18-00.54.45:376][810]LogModuleManager: Shutting down and abandoning module GeometryMode (167)
[2015.07.18-00.54.45:376][810]LogModuleManager: Shutting down and abandoning module TextureAlignMode (166)
[2015.07.18-00.54.45:376][810]LogModuleManager: Shutting down and abandoning module BspMode (165)
[2015.07.18-00.54.45:376][810]LogModuleManager: Shutting down and abandoning module PlacementMode (164)
[2015.07.18-00.54.45:376][810]LogModuleManager: Shutting down and abandoning module AutomationWorker (163)
[2015.07.18-00.54.45:376][810]LogModuleManager: Shutting down and abandoning module CharacterAI (162)
[2015.07.18-00.54.45:376][810]LogModuleManager: Shutting down and abandoning module SmartSnapping (161)
[2015.07.18-00.54.45:376][810]LogModuleManager: Shutting down and abandoning module ViewportSnapping (160)
[2015.07.18-00.54.45:376][810]LogModuleManager: Shutting down and abandoning module LogVisualizer (159)
[2015.07.18-00.54.45:376][810]LogModuleManager: Shutting down and abandoning module GameProjectGeneration (158)
[2015.07.18-00.54.45:376][810]LogModuleManager: Shutting down and abandoning module IntroTutorials (157)
[2015.07.18-00.54.45:376][810]LogModuleManager: Shutting down and abandoning module EditorLiveStreaming (156)
[2015.07.18-00.54.45:376][810]LogModuleManager: Shutting down and abandoning module HardwareTargeting (155)
[2015.07.18-00.54.45:376][810]LogModuleManager: Shutting down and abandoning module DeviceProfileEditor (154)
[2015.07.18-00.54.45:376][810]LogModuleManager: Shutting down and abandoning module UndoHistory (153)
[2015.07.18-00.54.45:376][810]LogModuleManager: Shutting down and abandoning module GameplayTagsEditor (152)
[2015.07.18-00.54.45:376][810]LogModuleManager: Shutting down and abandoning module UserFeedback (151)
[2015.07.18-00.54.45:376][810]LogModuleManager: Shutting down and abandoning module XmlParser (150)
[2015.07.18-00.54.45:376][810]LogModuleManager: Shutting down and abandoning module Blutility (149)
[2015.07.18-00.54.45:376][810]LogModuleManager: Shutting down and abandoning module IOSPlatformEditor (148)
[2015.07.18-00.54.45:376][810]LogModuleManager: Shutting down and abandoning module IOSRuntimeSettings (147)
[2015.07.18-00.54.45:376][810]LogModuleManager: Shutting down and abandoning module AndroidDeviceDetection (146)
[2015.07.18-00.54.46:229][810]LogModuleManager: Shutting down and abandoning module AndroidPlatformEditor (145)
[2015.07.18-00.54.46:229][810]LogModuleManager: Shutting down and abandoning module AndroidRuntimeSettings (144)
[2015.07.18-00.54.46:229][810]LogModuleManager: Shutting down and abandoning module ProjectTargetPlatformEditor (143)
[2015.07.18-00.54.46:229][810]LogModuleManager: Shutting down and abandoning module ProjectSettingsViewer (142)
[2015.07.18-00.54.46:230][810]LogModuleManager: Shutting down and abandoning module InputBindingEditor (141)
[2015.07.18-00.54.46:230][810]LogModuleManager: Shutting down and abandoning module EditorSettingsViewer (140)
[2015.07.18-00.54.46:230][810]LogModuleManager: Shutting down and abandoning module SettingsEditor (139)
[2015.07.18-00.54.46:230][810]LogModuleManager: Shutting down and abandoning module ProjectLauncher (138)
[2015.07.18-00.54.46:230][810]LogModuleManager: Shutting down and abandoning module SessionFrontend (137)
[2015.07.18-00.54.46:230][810]LogModuleManager: Shutting down and abandoning module ProfilerClient (136)
[2015.07.18-00.54.46:230][810]LogModuleManager: Shutting down and abandoning module TargetDeviceServices (135)
[2015.07.18-00.54.46:230][810]LogModuleManager: Shutting down and abandoning module DeviceManager (134)
[2015.07.18-00.54.46:230][810]LogModuleManager: Shutting down and abandoning module AutomationController (133)
[2015.07.18-00.54.46:230][810]LogModuleManager: Shutting down and abandoning module AutomationWindow (132)
[2015.07.18-00.54.46:230][810]LogModuleManager: Shutting down and abandoning module Layers (131)
[2015.07.18-00.54.46:230][810]LogModuleManager: Shutting down and abandoning module ComponentVisualizers (130)
[2015.07.18-00.54.46:230][810]LogModuleManager: Shutting down and abandoning module DetailCustomizations (129)
[2015.07.18-00.54.46:230][810]LogModuleManager: Shutting down and abandoning module PackagesDialog (128)
[2015.07.18-00.54.46:230][810]LogModuleManager: Shutting down and abandoning module AssetRegistry (127)
[2015.07.18-00.54.46:342][810]LogModuleManager: Shutting down and abandoning module Persona (126)
[2015.07.18-00.54.46:342][810]LogModuleManager: Shutting down and abandoning module SlateReflector (125)
[2015.07.18-00.54.46:342][810]LogModuleManager: Shutting down and abandoning module LevelEditor (124)
[2015.07.18-00.54.46:343][810]LogModuleManager: Shutting down and abandoning module Kismet (123)
[2015.07.18-00.54.46:343][810]LogModuleManager: Shutting down and abandoning module GraphEditor (122)
[2015.07.18-00.54.46:343][810]LogModuleManager: Shutting down and abandoning module ClassViewer (121)
[2015.07.18-00.54.46:343][810]LogModuleManager: Shutting down and abandoning module Toolbox (120)
[2015.07.18-00.54.46:343][810]LogModuleManager: Shutting down and abandoning module ModuleUI (119)
[2015.07.18-00.54.46:343][810]LogModuleManager: Shutting down and abandoning module MovieSceneTools (118)
[2015.07.18-00.54.46:343][810]LogModuleManager: Shutting down and abandoning module OutputLog (117)
[2015.07.18-00.54.46:343][810]LogModuleManager: Shutting down and abandoning module GammaUI (116)
[2015.07.18-00.54.46:343][810]LogModuleManager: Shutting down and abandoning module Documentation (115)
[2015.07.18-00.54.46:343][810]LogModuleManager: Shutting down and abandoning module GameLiveStreaming (114)
[2015.07.18-00.54.46:343][810]LogModuleManager: Shutting down and abandoning module StreamingPauseRendering (113)
[2015.07.18-00.54.46:343][810]LogModuleManager: Shutting down and abandoning module HTTP (112)
[2015.07.18-00.54.46:343][810]LogModuleManager: Shutting down and abandoning module AnalyticsET (111)
[2015.07.18-00.54.46:343][810]LogModuleManager: Shutting down and abandoning module Analytics (110)
[2015.07.18-00.54.46:343][810]LogModuleManager: Shutting down and abandoning module AITestSuite (109)
[2015.07.18-00.54.46:343][810]LogModuleManager: Shutting down and abandoning module GameplayDebugger (108)
[2015.07.18-00.54.46:343][810]LogModuleManager: Shutting down and abandoning module AIModule (107)
[2015.07.18-00.54.46:343][810]LogModuleManager: Shutting down and abandoning module ProfilerService (106)
[2015.07.18-00.54.46:350][810]LogModuleManager: Shutting down and abandoning module TaskGraph (105)
[2015.07.18-00.54.46:350][810]LogModuleManager: Shutting down and abandoning module SlateRemote (104)
[2015.07.18-00.54.46:350][810]LogModuleManager: Shutting down and abandoning module ScriptEditorPlugin (103)
[2015.07.18-00.54.46:350][810]LogModuleManager: Shutting down and abandoning module CustomMeshComponent (102)
[2015.07.18-00.54.46:350][810]LogModuleManager: Shutting down and abandoning module CableComponent (101)
[2015.07.18-00.54.46:350][810]LogModuleManager: Shutting down and abandoning module MessagingDebugger (100)
[2015.07.18-00.54.46:350][810]LogModuleManager: Shutting down and abandoning module MediaPlayerEditor (99)
[2015.07.18-00.54.46:350][810]LogModuleManager: Shutting down and abandoning module SpeedTreeImporter (98)
[2015.07.18-00.54.46:350][810]LogModuleManager: Shutting down and abandoning module PluginsEditor (97)
[2015.07.18-00.54.46:350][810]LogModuleManager: Shutting down and abandoning module MainFrame (96)
[2015.07.18-00.54.46:350][810]LogModuleManager: Shutting down and abandoning module EpicSurvey (95)
[2015.07.18-00.54.46:350][810]LogModuleManager: Shutting down and abandoning module DesktopPlatform (94)
[2015.07.18-00.54.46:350][810]LogModuleManager: Shutting down and abandoning module DirectoryWatcher (93)
[2015.07.18-00.54.46:351][810]LogModuleManager: Shutting down and abandoning module HotReload (92)
[2015.07.18-00.54.46:351][810]LogModuleManager: Shutting down and abandoning module VisualStudioSourceCodeAccess (91)
[2015.07.18-00.54.46:351][810]LogModuleManager: Shutting down and abandoning module UObjectPlugin (90)
[2015.07.18-00.54.46:351][810]LogModuleManager: Shutting down and abandoning module SubversionSourceControl (89)
[2015.07.18-00.54.46:351][810]LogModuleManager: Shutting down and abandoning module PerforceSourceControl (88)
[2015.07.18-00.54.46:351][810]LogModuleManager: Shutting down and abandoning module SourceControl (87)
[2015.07.18-00.54.46:351][810]LogModuleManager: Shutting down and abandoning module GitSourceControl (86)
[2015.07.18-00.54.46:351][810]LogModuleManager: Shutting down and abandoning module BlankPlugin (85)
[2015.07.18-00.54.46:351][810]LogModuleManager: Shutting down and abandoning module PaperTiledImporter (84)
[2015.07.18-00.54.46:351][810]LogModuleManager: Shutting down and abandoning module PaperJsonImporter (83)
[2015.07.18-00.54.46:351][810]LogModuleManager: Shutting down and abandoning module ContentBrowser (82)
[2015.07.18-00.54.46:352][810]LogModuleManager: Shutting down and abandoning module Paper2DEditor (81)
[2015.07.18-00.54.46:352][810]LogModuleManager: Shutting down and abandoning module ScriptPlugin (80)
[2015.07.18-00.54.46:352][810]LogModuleManager: Shutting down and abandoning module UdpMessaging (79)
[2015.07.18-00.54.46:452][810]LogModuleManager: Shutting down and abandoning module Paper2D (78)
[2015.07.18-00.54.46:452][810]LogModuleManager: Shutting down and abandoning module WindowsMoviePlayer (77)
[2015.07.18-00.54.46:455][810]LogModuleManager: Shutting down and abandoning module Media (76)
[2015.07.18-00.54.46:455][810]LogModuleManager: Shutting down and abandoning module WmfMedia (75)
[2015.07.18-00.54.46:455][810]LogModuleManager: Shutting down and abandoning module OnlineBlueprintSupport (74)
[2015.07.18-00.54.46:455][810]LogModuleManager: Shutting down and abandoning module PropertyEditor (73)
[2015.07.18-00.54.46:455][810]LogModuleManager: Shutting down and abandoning module BehaviorTreeEditor (72)
[2015.07.18-00.54.46:455][810]LogModuleManager: Shutting down and abandoning module FunctionalTesting (71)
[2015.07.18-00.54.46:455][810]LogModuleManager: Shutting down and abandoning module CollisionAnalyzer (70)
[2015.07.18-00.54.46:455][810]LogModuleManager: Shutting down and abandoning module WorkspaceMenuStructure (69)
[2015.07.18-00.54.46:455][810]LogModuleManager: Shutting down and abandoning module MessageLog (68)
[2015.07.18-00.54.46:455][810]LogModuleManager: Shutting down and abandoning module Sequencer (67)
[2015.07.18-00.54.46:456][810]LogModuleManager: Shutting down and abandoning module AssetTools (66)
[2015.07.18-00.54.46:456][810]LogModuleManager: Shutting down and abandoning module UMGEditor (65)
[2015.07.18-00.54.46:456][810]LogModuleManager: Shutting down and abandoning module UMG (64)
[2015.07.18-00.54.46:456][810]LogModuleManager: Shutting down and abandoning module Slate (63)
[2015.07.18-00.54.46:456][810]LogModuleManager: Shutting down and abandoning module EditorStyle (62)
[2015.07.18-00.54.46:459][810]LogModuleManager: Shutting down and abandoning module SessionServices (61)
[2015.07.18-00.54.46:459][810]LogModuleManager: Shutting down and abandoning module SourceCodeAccess (60)
[2015.07.18-00.54.46:459][810]LogModuleManager: Shutting down and abandoning module HeadMountedDisplay (59)
[2015.07.18-00.54.46:459][810]LogModuleManager: Shutting down and abandoning module XAudio2 (58)
[2015.07.18-00.54.46:459][810]LogModuleManager: Shutting down and abandoning module Networking (56)
[2015.07.18-00.54.46:459][810]LogModuleManager: Shutting down and abandoning module Core (55)
[2015.07.18-00.54.46:459][810]LogModuleManager: Shutting down and abandoning module KismetCompiler (54)
[2015.07.18-00.54.46:459][810]LogModuleManager: Shutting down and abandoning module PhysXFormats (53)
[2015.07.18-00.54.46:459][810]LogModuleManager: Shutting down and abandoning module MeshUtilities (52)
[2015.07.18-00.54.46:459][810]LogModuleManager: Shutting down and abandoning module DerivedDataCache (51)
[2015.07.18-00.54.46:463][810]LogDerivedDataCache: Shutdown
[2015.07.18-00.54.46:463][810]LogModuleManager: Shutting down and abandoning module ShaderFormatOpenGL (50)
[2015.07.18-00.54.46:463][810]LogModuleManager: Shutting down and abandoning module ShaderFormatD3D (49)
[2015.07.18-00.54.46:463][810]LogModuleManager: Shutting down and abandoning module MetalShaderFormat (48)
[2015.07.18-00.54.46:463][810]LogModuleManager: Shutting down and abandoning module TextureFormatUncompressed (47)
[2015.07.18-00.54.46:463][810]LogModuleManager: Shutting down and abandoning module TextureFormatPVR (46)
[2015.07.18-00.54.46:463][810]LogModuleManager: Shutting down and abandoning module TextureFormatIntelISPCTexComp (45)
[2015.07.18-00.54.46:463][810]LogModuleManager: Shutting down and abandoning module TextureFormatDXT (44)
[2015.07.18-00.54.46:463][810]LogModuleManager: Shutting down and abandoning module ImageWrapper (43)
[2015.07.18-00.54.46:463][810]LogModuleManager: Shutting down and abandoning module TextureFormatASTC (42)
[2015.07.18-00.54.46:463][810]LogModuleManager: Shutting down and abandoning module TextureFormatAndroid (41)
[2015.07.18-00.54.46:463][810]LogModuleManager: Shutting down and abandoning module AudioFormatOpus (40)
[2015.07.18-00.54.46:463][810]LogModuleManager: Shutting down and abandoning module AudioFormatOgg (39)
[2015.07.18-00.54.46:463][810]LogModuleManager: Shutting down and abandoning module AudioFormatADPCM (38)
[2015.07.18-00.54.46:463][810]LogModuleManager: Shutting down and abandoning module LinuxTargetPlatform (37)
[2015.07.18-00.54.46:464][810]LogModuleManager: Shutting down and abandoning module LinuxServerTargetPlatform (36)
[2015.07.18-00.54.46:464][810]LogModuleManager: Shutting down and abandoning module LinuxNoEditorTargetPlatform (35)
[2015.07.18-00.54.46:464][810]LogModuleManager: Shutting down and abandoning module Messaging (34)
[2015.07.18-00.54.46:464][810]LogModuleManager: Shutting down and abandoning module IOSTargetPlatform (33)
[2015.07.18-00.54.46:464][810]LogModuleManager: Shutting down and abandoning module HTML5TargetPlatform (32)
[2015.07.18-00.54.46:464][810]LogModuleManager: Shutting down and abandoning module Android_PVRTCTargetPlatform (31)
[2015.07.18-00.54.46:464][810]LogModuleManager: Shutting down and abandoning module Android_ETC2TargetPlatform (30)
[2015.07.18-00.54.46:464][810]LogModuleManager: Shutting down and abandoning module Android_ETC1TargetPlatform (29)
[2015.07.18-00.54.46:464][810]LogModuleManager: Shutting down and abandoning module Android_ES31TargetPlatform (28)
[2015.07.18-00.54.46:464][810]LogModuleManager: Shutting down and abandoning module Android_DXTTargetPlatform (27)
[2015.07.18-00.54.46:464][810]LogModuleManager: Shutting down and abandoning module Android_ATCTargetPlatform (26)
[2015.07.18-00.54.46:464][810]LogModuleManager: Shutting down and abandoning module AndroidTargetPlatform (25)
[2015.07.18-00.54.46:464][810]LogModuleManager: Shutting down and abandoning module WindowsTargetPlatform (24)
[2015.07.18-00.54.46:464][810]LogModuleManager: Shutting down and abandoning module WindowsServerTargetPlatform (23)
[2015.07.18-00.54.46:464][810]LogModuleManager: Shutting down and abandoning module WindowsNoEditorTargetPlatform (22)
[2015.07.18-00.54.46:464][810]LogModuleManager: Shutting down and abandoning module WindowsClientTargetPlatform (21)
[2015.07.18-00.54.46:464][810]LogModuleManager: Shutting down and abandoning module TargetPlatform (20)
[2015.07.18-00.54.46:464][810]LogModuleManager: Shutting down and abandoning module InputCore (19)
[2015.07.18-00.54.46:464][810]LogModuleManager: Shutting down and abandoning module Settings (18)
[2015.07.18-00.54.46:464][810]LogModuleManager: Shutting down and abandoning module OnlineSubsystem (16)
[2015.07.18-00.54.46:464][810]LogModuleManager: Shutting down and abandoning module OculusRift (15)
[2015.07.18-00.54.46:464][810]LogModuleManager: Shutting down and abandoning module ExampleDeviceProfileSelector (14)
[2015.07.18-00.54.46:464][810]LogModuleManager: Shutting down and abandoning module TextureCompressor (13)
[2015.07.18-00.54.46:464][810]LogModuleManager: Shutting down and abandoning module ShaderCore (12)
[2015.07.18-00.54.46:464][810]LogModuleManager: Shutting down and abandoning module Landscape (11)
[2015.07.18-00.54.46:464][810]LogModuleManager: Shutting down and abandoning module SlateRHIRenderer (10)
[2015.07.18-00.54.46:469][810]LogModuleManager: Shutting down and abandoning module OpenGLDrv (9)
[2015.07.18-00.54.46:469][810]LogModuleManager: Shutting down and abandoning module D3D11RHI (8)
[2015.07.18-00.54.46:469][810]LogModuleManager: Shutting down and abandoning module Renderer (7)
[2015.07.18-00.54.46:469][810]LogModuleManager: Shutting down and abandoning module Engine (6)
[2015.07.18-00.54.46:470][810]LogModuleManager: Shutting down and abandoning module CoreUObject (5)
[2015.07.18-00.54.46:470][810]LogModuleManager: Shutting down and abandoning module NetworkFile (4)
[2015.07.18-00.54.46:470][810]LogModuleManager: Shutting down and abandoning module StreamingFile (3)
[2015.07.18-00.54.46:470][810]LogModuleManager: Shutting down and abandoning module SandboxFile (2)
[2015.07.18-00.54.46:470][810]LogModuleManager: Shutting down and abandoning module PakFile (1)
[2015.07.18-00.54.46:470][810]LogExit: Exiting.
[2015.07.18-00.54.46:476][810]Log file closed, 07/17/15 20:54:46
